<?xml version="1.0" encoding="utf-8"?><testsuites name="pytest tests"><testsuite name="pytest" errors="0" failures="0" skipped="0" tests="10" time="15.534" timestamp="2026-03-26T00:59:04.516640+00:00" hostname="agent-env-92cb1672-da37-4043-bca5-41c6b7f2b982"><testcase classname="backend.tests.test_document_studio.TestDocumentStudioAPI" name="test_health_check" time="0.209" /><testcase classname="backend.tests.test_document_studio.TestDocumentStudioAPI" name="test_document_generate_with_general_agent" time="0.979" /><testcase classname="backend.tests.test_document_studio.TestDocumentStudioAPI" name="test_document_generate_with_lawyer_agent" time="3.400" /><testcase classname="backend.tests.test_document_studio.TestDocumentStudioAPI" name="test_document_generate_with_accountant_agent" time="1.541" /><testcase classname="backend.tests.test_document_studio.TestDocumentStudioAPI" name="test_document_generate_with_hr_agent" time="2.270" /><testcase classname="backend.tests.test_document_studio.TestDocumentStudioAPI" name="test_document_generate_with_marketing_agent" time="2.995" /><testcase classname="backend.tests.test_document_studio.TestDocumentStudioAPI" name="test_document_generate_with_academic_agent" time="1.531" /><testcase classname="backend.tests.test_document_studio.TestDocumentStudioAPI" name="test_document_generate_without_agent_defaults_to_general" time="1.408" /><testcase classname="backend.tests.test_document_studio.TestBuildPageAPI" name="test_build_generate_code" time="0.515" /><testcase classname="backend.tests.test_document_studio.TestBuildPageAPI" name="test_build_generate_new_website" time="0.561" /></testsuite></testsuites>