<?xml version="1.0" encoding="utf-8"?><testsuites name="pytest tests"><testsuite name="pytest" errors="0" failures="0" skipped="0" tests="13" time="17.719" timestamp="2026-03-26T01:19:04.978911+00:00" hostname="agent-env-92cb1672-da37-4043-bca5-41c6b7f2b982"><testcase classname="backend.tests.test_stream_api.TestStreamAPI" name="test_health_check" time="0.228" /><testcase classname="backend.tests.test_stream_api.TestStreamAPI" name="test_stream_categories_returns_18_categories" time="0.136" /><testcase classname="backend.tests.test_stream_api.TestStreamAPI" name="test_stream_browse_returns_category_rows" time="3.515" /><testcase classname="backend.tests.test_stream_api.TestStreamAPI" name="test_stream_search_returns_results" time="0.729" /><testcase classname="backend.tests.test_stream_api.TestStreamAPI" name="test_stream_category_comedy_returns_videos" time="0.558" /><testcase classname="backend.tests.test_stream_api.TestStreamAPI" name="test_stream_category_documentaries" time="1.053" /><testcase classname="backend.tests.test_stream_api.TestStreamAPI" name="test_stream_category_invalid_returns_404" time="0.344" /><testcase classname="backend.tests.test_stream_api.TestStreamAPI" name="test_video_structure_has_required_fields" time="0.244" /><testcase classname="backend.tests.test_stream_api.TestDocumentStudioTemplates" name="test_document_generate_with_lawyer_agent" time="3.427" /><testcase classname="backend.tests.test_stream_api.TestDocumentStudioTemplates" name="test_document_generate_with_accountant_agent" time="1.270" /><testcase classname="backend.tests.test_stream_api.TestDocumentStudioTemplates" name="test_document_generate_with_hr_agent" time="2.218" /><testcase classname="backend.tests.test_stream_api.TestDocumentStudioTemplates" name="test_document_generate_with_marketing_agent" time="1.988" /><testcase classname="backend.tests.test_stream_api.TestDocumentStudioTemplates" name="test_document_generate_with_academic_agent" time="1.744" /></testsuite></testsuites>