<?xml version="1.0" encoding="utf-8"?><testsuites name="pytest tests"><testsuite name="pytest" errors="0" failures="1" skipped="0" tests="12" time="18.176" timestamp="2026-03-16T13:19:03.710904+00:00" hostname="agent-env-92cb1672-da37-4043-bca5-41c6b7f2b982"><testcase classname="backend.tests.test_gaaius_apis.TestHealthCheck" name="test_health_returns_healthy" time="0.316" /><testcase classname="backend.tests.test_gaaius_apis.TestChatAPI" name="test_chat_endpoint_works" time="0.767" /><testcase classname="backend.tests.test_gaaius_apis.TestChatAPI" name="test_chat_history_retrieval" time="0.893" /><testcase classname="backend.tests.test_gaaius_apis.TestImageGeneration" name="test_image_generate_endpoint" time="1.319"><failure message="assert 500 == 200&#10; +  where 500 = &lt;Response [500]&gt;.status_code">backend/tests/test_gaaius_apis.py:85: in test_image_generate_endpoint
    assert response.status_code == 200
E   assert 500 == 200
E    +  where 500 = &lt;Response [500]&gt;.status_code</failure></testcase><testcase classname="backend.tests.test_gaaius_apis.TestAudioGeneration" name="test_audio_generate_basic" time="4.905" /><testcase classname="backend.tests.test_gaaius_apis.TestAudioGeneration" name="test_audio_generate_with_voice_language" time="4.887" /><testcase classname="backend.tests.test_gaaius_apis.TestAudioGeneration" name="test_audio_generate_auto_language" time="3.797" /><testcase classname="backend.tests.test_gaaius_apis.TestSessionManagement" name="test_create_session" time="0.176" /><testcase classname="backend.tests.test_gaaius_apis.TestSessionManagement" name="test_get_sessions" time="0.151" /><testcase classname="backend.tests.test_gaaius_apis.TestSessionManagement" name="test_delete_session" time="0.332" /><testcase classname="backend.tests.test_gaaius_apis.TestGenerationsEndpoint" name="test_get_generations" time="0.138" /><testcase classname="backend.tests.test_gaaius_apis.TestTTSEndpoint" name="test_tts_speak" time="0.315" /></testsuite></testsuites>